CapitalOne Platinum
   PAYMENT AMOUNT: $347.39
   Minimum Payment: $0.0
   Due Date: 5-22-16
   Available Credit: $611.94
   Confirmation: B1DZZPBBCV
   Limit: $1500.0
   Date: 5-6-16
   Balance: $888.06
   Last Payment: $130.24

CapitalOne Quicksilver
   PAYMENT AMOUNT: $100.33
   Minimum Payment: $0.0
   Due Date: 5-11-16
   Available Credit: $35.95
   Confirmation: B1DZZPBBCW
   Limit: $300.0
   Date: 5-6-16
   Balance: $256.49
   Last Payment: $37.61

CreditOne
   PAYMENT AMOUNT: $142.28
   Minimum Payment: $0.0
   Due Date: 5-23-16
   Available Credit: $17.0
   Confirmation: 454593152510
   Limit: $400.0
   Date: 5-6-16
   Balance: $363.73
   Last Payment: $53.34

Premier Bankcard
   PAYMENT AMOUNT: $105.62
   Minimum Payment: $0.0
   Due Date: 5-18-16
   Available Credit: $0.0
   Confirmation: W0116655500
   Limit: $300.0
   Date: 5-6-16
   Balance: $270.0
   Last Payment: $40.09

Total Visa
   PAYMENT AMOUNT: $104.37
   Minimum Payment: $0.0
   Due Date: 4-4-16
   Available Credit: $33.19
   Confirmation: 
   Limit: $300.0
   Date: 5-6-16
   Balance: $266.81
   Last Payment: $35.93

------------------------------------------------------------

Total Balances: $2045.09
Total Credit Limit: $2800.0
Total Available Credit: $664.08
Total Minimum Payments: $0.0

Cash: $800.0
