CapitalOne Platinum
   PAYMENT AMOUNT: $135.56
   Minimum Payment: $30.0
   Due Date: 4-22-16
   Available Credit: $0.0
   Confirmation: B1DZZPBBCR
   Limit: $1000.0
   Date: 3-30-16
   Balance: $1019.08
   Last Payment: $100.0

CapitalOne Quicksilver
   PAYMENT AMOUNT: $39.72
   Minimum Payment: $25.0
   Due Date: 4-11-16
   Available Credit: $1.38
   Confirmation: B1DZZPBBCQ
   Limit: $300.0
   Date: 3-30-16
   Balance: $298.62
   Last Payment: $100.0

CreditOne
   PAYMENT AMOUNT: $52.35
   Minimum Payment: $25.0
   Due Date: 3-22-16
   Available Credit: $6.0
   Confirmation: 454239198627
   Limit: $400.0
   Date: 3-30-16
   Balance: $393.51
   Last Payment: $25.0

Premier Bankcard
   PAYMENT AMOUNT: $36.44
   Minimum Payment: $30.0
   Due Date: 4-18-16
   Available Credit: $0.0
   Confirmation: W0114583250
   Limit: $300.0
   Date: 3-30-16
   Balance: $273.94
   Last Payment: $30.0

Total Visa
   PAYMENT AMOUNT: $35.93
   Minimum Payment: $0.0
   Due Date: 4-4-16
   Available Credit: $29.92
   Confirmation: 
   Limit: $300.0
   Date: 3-30-16
   Balance: $270.08
   Last Payment: $37.0

------------------------------------------------------------

Total Balances: $2255.23
Total Credit Limit: $2300.0
Total Available Credit: $37.3
Total Minimum Payments: $110.0

Cash: $300.0
