CapitalOne Platinum
   PAYMENT AMOUNT: $0.01
   Minimum Payment: $0.0
   Due Date: 3-22-16
   Available Credit: $1.08
   Confirmation: B1DZZPBBCR
   Limit: $1000.0
   Date: 3-18-16
   Balance: $989.62
   Last Payment: $100.0

CapitalOne Quicksilver
   PAYMENT AMOUNT: $25.0
   Minimum Payment: $25.0
   Due Date: 3-11-16
   Available Credit: $1.38
   Confirmation: B1DZZPBBCQ
   Limit: $300.0
   Date: 3-18-16
   Balance: $298.62
   Rewards Cash: $12.19
   Last Payment: $53.56

CreditOne
   PAYMENT AMOUNT: $0.01
   Minimum Payment: $0.0
   Due Date: 3-23-16
   Available Credit: $13.0
   Confirmation: 454239198627
   Limit: $400.0
   Date: 3-18-16
   Balance: $387.15
   Last Payment: $25.0

Premier Bankcard
   PAYMENT AMOUNT: $30.0
   Minimum Payment: $30.0
   Due Date: 3-18-16
   Available Credit: $3.0
   Confirmation: W0113268309
   Limit: $300.0
   Date: 3-18-16
   Balance: $296.24
   Last Payment: $43.19

Total Visa
   PAYMENT AMOUNT: $37.0
   Minimum Payment: $37.0
   Due Date: 3-4-16
   Available Credit: $7.08
   Confirmation: 4213631
   Limit: $300.0
   Date: 3-18-16
   Balance: $307.08
   Last Payment: $51.73

------------------------------------------------------------

Total Balances: $2278.71
Total Credit Limit: $2300.0
Total Available Credit: $-14.62
Total Minimum Payments: $92.0

Cash: $92.0
