CapitalOne Platinum
   PAYMENT AMOUNT: $180.14
   Minimum Payment: $30.0
   Due Date: 3-23-16
   Available Credit: $2.56
   Confirmation: B1DZZPBBCP
   Limit: $1000.0
   Date: 2-19-16
   Balance: $997.44
   Last Payment: $164.33

CapitalOne Quicksilver
   PAYMENT AMOUNT: $53.56
   Minimum Payment: $25.0
   Due Date: 3-11-16
   Available Credit: $1.92
   Confirmation: B1DZZPBBCQ
   Limit: $300.0
   Date: 2-19-16
   Balance: $296.58
   Rewards Cash: $1.18
   Last Payment: $25.0

CreditOne
   PAYMENT AMOUNT: $71.38
   Minimum Payment: $25.0
   Due Date: 2-23-16
   Available Credit: $4.0
   Confirmation: 454055007730
   Limit: $400.0
   Date: 2-19-16
   Balance: $395.21
   Last Payment: $58.69

Premier Bankcard
   PAYMENT AMOUNT: $43.19
   Minimum Payment: $0.0
   Due Date: 1-18-16
   Available Credit: $60.0
   Confirmation: 9630935
   Limit: $300.0
   Date: 2-19-16
   Balance: $239.13
   Last Payment: $105.78

Total Visa
   PAYMENT AMOUNT: $51.73
   Minimum Payment: $37.0
   Due Date: 2-4-16
   Available Credit: $13.59
   Confirmation: 4053884
   Limit: $300.0
   Date: 2-5-16
   Balance: $286.41
   Last Payment: $106.52

------------------------------------------------------------

Total Balances: $2214.77
Total Credit Limit: $2300.0
Total Available Credit: $82.07
Total Minimum Payments: $117.0

Cash: $400.0
