CapitalOne Platinum
   PAYMENT AMOUNT: $129.8
   Minimum Payment: $25.0
   Due Date: 1-23-16
   Available Credit: $0.0
   Confirmation: 
   Limit: $1000.0
   Date: 1-15-16
   Balance: $1004.85
   Last Payment: $360.74

CapitalOne Quicksilver
   PAYMENT AMOUNT: $56.0
   Minimum Payment: $56.0
   Due Date: 1-11-16
   Available Credit: $11.43
   Confirmation: B1DZZPBBCK
   Limit: $300.0
   Date: 1-15-16
   Balance: $288.57
   Rewards Cash: $0.0
   Last Payment: $106.39

CreditOne
   PAYMENT AMOUNT: $47.2
   Minimum Payment: $25.0
   Due Date: 1-23-16
   Available Credit: $0.0
   Confirmation: 
   Limit: $400.0
   Date: 1-15-16
   Balance: $406.1
   Last Payment: $120.57

Premier Bankcard
   PAYMENT AMOUNT: $30.0
   Minimum Payment: $30.0
   Due Date: 1-18-16
   Available Credit: $106.0
   Confirmation: 
   Limit: $300.0
   Date: 1-15-16
   Balance: $193.35
   Last Payment: $105.78

Total Visa
   PAYMENT AMOUNT: $36.99
   Minimum Payment: $37.0
   Due Date: 2-4-16
   Available Credit: $10.32
   Confirmation: 
   Limit: $300.0
   Date: 1-15-16
   Balance: $281.68
   Last Payment: $106.52

------------------------------------------------------------

Total Balances: $2174.55
Total Credit Limit: $2300.0
Total Available Credit: $127.75
Total Minimum Payments: $173.0

Cash: $300.0
