CapitalOne Platinum
   PAYMENT AMOUNT: $134.99
   Minimum Payment: $0.0
   Due Date: 12-23-15
   Available Credit: $4.71
   Confirmation: B1DZZPBBCJ
   Limit: $1000.0
   Date: 12-11-15
   Balance: $995.29
   Last Payment: $230.53

CapitalOne Quicksilver
   PAYMENT AMOUNT: $39.81
   Minimum Payment: $0.0
   Due Date: 12-11-15
   Available Credit: $6.46
   Confirmation: B1DZZPBBCK
   Limit: $300.0
   Date: 12-11-15
   Balance: $293.54
   Rewards Cash: $33.83
   Last Payment: $73.76

CreditOne
   PAYMENT AMOUNT: $45.12
   Minimum Payment: $25.0
   Due Date: 12-23-15
   Available Credit: $57.0
   Confirmation: 453584597742
   Limit: $400.0
   Date: 12-11-15
   Balance: $332.67
   Last Payment: $78.28

Premier Bankcard
   PAYMENT AMOUNT: $39.58
   Minimum Payment: $0.0
   Due Date: 12-18-15
   Available Credit: $8.0
   Confirmation: W0110235983
   Limit: $300.0
   Date: 12-11-15
   Balance: $291.85
   Last Payment: $68.33

Total Visa
   PAYMENT AMOUNT: $40.49
   Minimum Payment: $37.0
   Due Date: 12-4-15
   Available Credit: $1.51
   Confirmation: 3912418
   Limit: $300.0
   Date: 12-11-15
   Balance: $298.49
   Last Payment: $49.09

------------------------------------------------------------

Total Balances: $2211.84
Total Credit Limit: $2300.0
Total Available Credit: $88.16
Total Minimum Payments: $62.0

Cash: $300.0
