CapitalOne Platinum
   PAYMENT AMOUNT: $458.6
   Minimum Payment: $25.0
   Due Date: 1-23-16
   Available Credit: $0.0
   Confirmation: 
   Limit: $1000.0
   Date: 12-28-15
   Balance: $991.91
   Last Payment: $360.74

CapitalOne Quicksilver
   PAYMENT AMOUNT: $136.8
   Minimum Payment: $25.0
   Due Date: 1-11-16
   Available Credit: $0.0
   Confirmation: 
   Limit: $300.0
   Date: 12-28-15
   Balance: $295.89
   Rewards Cash: $35.45
   Last Payment: $106.39

CreditOne
   PAYMENT AMOUNT: $187.97
   Minimum Payment: $25.0
   Due Date: 1-23-16
   Available Credit: $0.0
   Confirmation: 
   Limit: $400.0
   Date: 12-11-15
   Balance: $406.58
   Last Payment: $120.57

Premier Bankcard
   PAYMENT AMOUNT: $89.39
   Minimum Payment: $30.0
   Due Date: 1-18-16
   Available Credit: $1.0
   Confirmation: 
   Limit: $300.0
   Date: 12-11-15
   Balance: $193.35
   Last Payment: $105.78

Total Visa
   PAYMENT AMOUNT: $127.19
   Minimum Payment: $0.0
   Due Date: 1-4-16
   Available Credit: $24.89
   Confirmation: 
   Limit: $300.0
   Date: 12-11-15
   Balance: $275.11
   Last Payment: $106.52

------------------------------------------------------------

Total Balances: $2162.84
Total Credit Limit: $2300.0
Total Available Credit: $25.89
Total Minimum Payments: $105.0

Cash: $1000.0
