CapitalOne Platinum
   PAYMENT AMOUNT: $427.21
   Minimum Payment: $30.0
   Due Date: 3-23-16
   Available Credit: $29.99
   Confirmation: B1DZZPBBCP
   Limit: $1000.0
   Date: 2-22-16
   Balance: $817.3
   Last Payment: $180.14

CapitalOne Quicksilver
   PAYMENT AMOUNT: $128.39
   Minimum Payment: $25.0
   Due Date: 3-11-16
   Available Credit: $26.24
   Confirmation: B1DZZPBBCQ
   Limit: $300.0
   Date: 2-22-16
   Balance: $245.62
   Rewards Cash: $1.35
   Last Payment: $53.56

CreditOne
   PAYMENT AMOUNT: $206.58
   Minimum Payment: $25.0
   Due Date: 2-23-16
   Available Credit: $4.0
   Confirmation: 454055007730
   Limit: $400.0
   Date: 2-22-16
   Balance: $395.21
   Last Payment: $58.69

Premier Bankcard
   PAYMENT AMOUNT: $107.18
   Minimum Payment: $0.0
   Due Date: 1-18-16
   Available Credit: $35.0
   Confirmation: W0113268309
   Limit: $300.0
   Date: 2-22-16
   Balance: $205.04
   Last Payment: $43.19

Total Visa
   PAYMENT AMOUNT: $130.64
   Minimum Payment: $37.0
   Due Date: 2-4-16
   Available Credit: $50.08
   Confirmation: 4213631
   Limit: $300.0
   Date: 2-22-16
   Balance: $249.92
   Last Payment: $51.73

------------------------------------------------------------

Total Balances: $1913.09
Total Credit Limit: $2300.0
Total Available Credit: $145.31
Total Minimum Payments: $117.0

Cash: $1000.0
