CapitalOne Platinum
   PAYMENT AMOUNT: $30.0
   Minimum Payment: $30.0
   Due Date: 2-23-16
   Available Credit: $2.56
   Confirmation: B1DZZPBBCL
   Limit: $1000.0
   Date: 2-5-16
   Balance: $997.44
   Last Payment: $129.8

CapitalOne Quicksilver
   PAYMENT AMOUNT: $0.0
   Minimum Payment: $0.0
   Due Date: 2-11-16
   Available Credit: $8.95
   Confirmation: B1DZZPBBCN
   Limit: $300.0
   Date: 2-5-16
   Balance: $285.69
   Rewards Cash: $1.18
   Last Payment: $25.0

CreditOne
   PAYMENT AMOUNT: $25.0
   Minimum Payment: $25.0
   Due Date: 2-23-16
   Available Credit: $5.0
   Confirmation: 453815602509
   Limit: $400.0
   Date: 2-5-16
   Balance: $390.91
   Last Payment: $47.2

Premier Bankcard
   PAYMENT AMOUNT: $96.13
   Minimum Payment: $96.13
   Due Date: 1-18-16
   Available Credit: $0.0
   Confirmation: W0111670306
   Limit: $300.0
   Date: 2-5-16
   Balance: $336.13
   Last Payment: $105.78

Total Visa
   PAYMENT AMOUNT: $37.0
   Minimum Payment: $37.0
   Due Date: 2-4-16
   Available Credit: $13.59
   Confirmation: 4053884
   Limit: $300.0
   Date: 2-5-16
   Balance: $286.41
   Last Payment: $106.52

------------------------------------------------------------

Total Balances: $2296.58
Total Credit Limit: $2300.0
Total Available Credit: $30.1
Total Minimum Payments: $188.13

Cash: $188.13
