CapitalOne Platinum
   PAYMENT AMOUNT: $130.24
   Minimum Payment: $31.0
   Due Date: 5-22-16
   Available Credit: $0.0
   Confirmation: B1DZZPBBCT
   Limit: $1000.0
   Date: 5-4-16
   Balance: $1018.3
   Last Payment: $135.56

CapitalOne Quicksilver
   PAYMENT AMOUNT: $37.61
   Minimum Payment: $25.0
   Due Date: 5-11-16
   Available Credit: $5.9
   Confirmation: B1DZZPBBCS
   Limit: $300.0
   Date: 5-4-16
   Balance: $294.1
   Last Payment: $39.72

CreditOne
   PAYMENT AMOUNT: $53.34
   Minimum Payment: $25.0
   Due Date: 5-23-16
   Available Credit: $17.0
   Confirmation: 454351753624
   Limit: $400.0
   Date: 5-4-16
   Balance: $417.07
   Last Payment: $52.35

Premier Bankcard
   PAYMENT AMOUNT: $39.65
   Minimum Payment: $30.0
   Due Date: 5-18-16
   Available Credit: $0.0
   Confirmation: W0115131304
   Limit: $300.0
   Date: 5-4-16
   Balance: $310.09
   Last Payment: $36.44

Total Visa
   PAYMENT AMOUNT: $39.12
   Minimum Payment: $37.0
   Due Date: 4-4-16
   Available Credit: $5.93
   Confirmation: 
   Limit: $300.0
   Date: 5-4-16
   Balance: $305.93
   Last Payment: $35.93

------------------------------------------------------------

Total Balances: $2345.49
Total Credit Limit: $2300.0
Total Available Credit: $-17.03
Total Minimum Payments: $148.0

Cash: $300.0
