CapitalOne Platinum
   Minimum_Payment: 50.0
   Due_Date: _________
   Available_Credit: 71.23
   Limit: 1000.0
   Payment_Amount: 50.0
   Date:
   Balance: 928.77

CapitalOne Quicksilver
   Minimum_Payment: 50.0
   Due_Date: _________
   Available_Credit: 71.23
   Limit: 1000.0
   Payment_Amount: 50.0
   Date:
   Balance: 928.77

CreditOne
   Minimum_Payment: 50.0
   Due_Date: _________
   Available_Credit: 71.23
   Limit: 1000.0
   Payment_Amount: 50.0
   Date:
   Balance: 928.77

Premier Bankcard
   Minimum_Payment: 50.0
   Due_Date: _________
   Available_Credit: 71.23
   Limit: 1000.0
   Payment_Amount: 50.0
   Date:
   Balance: 928.77

Total Visa
   Minimum_Payment: 50.0
   Due_Date: _________
   Available_Credit: 71.23
   Limit: 1000.0
   Payment_Amount: 50.0
   Date:
   Balance: 928.77

Total balances: $4643.85
Total credit limit: $5000.0
Total available credit: $356.15
Total minimum payments: $250.0

Payments to make:
	 CapitalOne Platinum: $50.0| due by _________
	 CapitalOne Quicksilver: $50.0| due by _________
	 CreditOne: $50.0| due by _________
	 Premier Bankcard: $50.0| due by _________
	 Total Visa: $50.0| due by _________
Cash: $250.0
