
CapitalOne Platinum
   PAYMENT AMOUNT: $270.55
   Minimum Payment: $0.0
   Due Date: 12-23-15
   Available Credit: $4.71
   Limit: $1000.0
   Date: 12-10-15
   Balance: $995.29
   Last Payment: $230.53

CapitalOne Quicksilver
   PAYMENT AMOUNT: $79.79
   Minimum Payment: $0.0
   Due Date: 12-11-15
   Available Credit: $6.46
   Limit: $300.0
   Date: 12-10-15
   Balance: $293.54
   Rewards Cash: $33.83
   Last Payment: $73.76

CreditOne
   PAYMENT AMOUNT: $90.43
   Minimum Payment: $25.0
   Due Date: 12-23-15
   Available Credit: $57.0
   Limit: $400.0
   Date: 12-10-15
   Balance: $332.67
   Last Payment: ?

Premier Bankcard
   PAYMENT AMOUNT: $79.33
   Minimum Payment: $0.0
   Due Date: 12-18-15
   Available Credit: $8.0
   Limit: $300.0
   Date: 12-10-15
   Balance: $291.85
   Last Payment: $68.33

Total Visa
   PAYMENT AMOUNT: $79.89
   Minimum Payment: $0.0
   Due Date: 12-4-15
   Available Credit: $6.12
   Limit: $300.0
   Date: 12-10-15
   Balance: $293.88
   Last Payment: $49.09

------------------------------------------------------------

Total Balances: $2207.23
Total Credit Limit: $2300.0
Total Available Credit: $92.77
Total Minimum Payments: $25.0

Cash: $600.0
