Date: 2-5-16 | Pay: $1460.01 | ESTIMATED

Name                   Amount        Balance
---------------------------------------------
chase ink              $-76.0        $1384.01
chase overdraft        $-322.18      $1061.83
credit cards           $-97.0        $964.83
ford                   $-462.08      $502.75
gas                    $-75.0        $427.75
savings                $-146.0       $281.75
starting balance       $17.38        $299.13

Total left: $299.13

============================================================

Date: 2-5-16 | Pay: $1460.01 | ACTUAL

Name                    Amount        Balance
----------------------------------------------
car supplies            $-14.05       $1445.96
chase ink               $-76.0        $1369.96
chase overdraft         $-322.18      $1047.78
costco                  $-266.67      $781.11
food                    $-94.82       $686.29
ford                    $-462.08      $224.21
gas                     $-82.81       $141.4
groceries               $-3.95        $137.45
gym membership          $-27.05       $110.4
itunes                  $-1.07        $109.33
post office             $-13.78       $95.55
premier bank card       $-97.0        $-1.45
savings                 $-146.0       $-147.45
snacks                  $-17.04       $-164.49
starting balance        $17.38        $-147.11
xfer from savings       $147.11       $0.0

Total left: $0.0

============================================================

Date: 2-12-16 | Pay: $1460.01 | ESTIMATED

Name                           Amount        Balance
-----------------------------------------------------
asset acceptance               $-75          $1385.01
at&t                           $-124.68      $1260.33
chase business overdraft       $-232.15      $1028.18
cps energy                     $-64.47       $963.71
fedloan                        $-89.52       $874.19
gas                            $-75          $799.19
rich dad education             $-500.0       $299.19
savings                        $-146.0       $153.19
starting balance               $29.74        $182.93

Total left: $182.93

============================================================

Date: 2-12-16 | Pay: $1460.01 | ACTUAL

Name                           Amount        Balance
-----------------------------------------------------
asset acceptance               $-75          $1385.01
at&t                           $-124.68      $1260.33
business                       $-7.57        $1252.76
chase business overdraft       $-232.15      $1020.61
cps energy                     $-64.47       $956.14
fedloan                        $-89.52       $866.62
food                           $-152.82      $713.8
gas                            $-45.38       $668.42
groceries                      $-15.12       $653.3
household                      $-4           $649.3
rich dad education             $-500         $149.3
savings                        $-146.0       $3.3
snacks                         $-36.1        $-32.8
starting balance               $29.74        $-3.06
tools                          $-17.28       $-20.34
xfer from savings              $29.34        $9.0

Total left: $9.0

============================================================

Date: 2-19-16 | Pay: $1522.04 | ESTIMATED

Name                   Amount        Balance
---------------------------------------------
chase ink              $-116.0       $1406.04
credit cards           $-400         $1006.04
creditrepair.com       $-33          $973.04
ford                   $-600         $373.04
savings                $-152.2       $220.84

Total left: $220.84

============================================================

Date: 2-19-16 | Pay: $1522.04 | ACTUAL

Name               Amount        Balance
-----------------------------------------
business           $-60          $1462.04
cash               $-100         $1362.04
credit cards       $-387.31      $974.73
food               $-14.34       $960.39
ford               $-600         $360.39
gas                $-19.36       $341.03
savings            $-152.2       $188.83
snacks             $-35.04       $153.79

Total left: $153.79

============================================================

Date: 2-26-16 | Pay: $1522.72 | ESTIMATED

Name          Amount        Balance
------------------------------------
rent          $-1133        $389.72
savings       $-228.41      $161.31

Total left: $161.31

============================================================

Date: 2-26-16 | Pay: $1522.72 | ACTUAL

Name                 Amount        Balance
-------------------------------------------
business             $-33.8        $1488.92
chicago airbnb       $-103         $1385.92
chicago flight       $-567.2       $818.72
creditrepair         $-32.31       $786.41
food                 $-100.32      $686.09
gas                  $-43.89       $642.2
groceries            $-14.14       $628.06
household            $-45.39       $582.67
liquor               $-57.34       $525.33
sams                 $-147.4       $377.93
savings              $-228.41      $149.52
sirius xm            $-22.77       $126.75
snacks               $-31.71       $95.04

Total left: $95.04

============================================================

Date: 3-4-16 | Pay: $1522.72 | ESTIMATED

Name            Amount        Balance
--------------------------------------
savings         $-304.54      $1218.18
toll bill       $-121.25      $1096.93

Total left: $1096.93

============================================================

Date: 3-4-16 | Pay: $1522.72 | ACTUAL

Name                    Amount        Balance
----------------------------------------------
carwash                 $-13          $1509.72
costco                  $-184.07      $1325.65
entertainment           $-9.5         $1316.15
food                    $-152.49      $1163.66
gas                     $-74.23       $1089.43
groceries               $-32.5        $1056.93
landmark                $-3.33        $1053.6
rent                    $-1166.36     $-112.76
sams                    $-52.85       $-165.61
savings                 $-304.54      $-470.15
snacks                  $-54.03       $-524.18
starting balance        $244.98       $-279.2
xfer from savings       $300          $20.8

Total left: $20.8

============================================================

Date: 3-11-16 | Pay: $1522.72 | ESTIMATED

Name               Amount        Balance
-----------------------------------------
at&t               $-128.73      $1393.99
credit cards       $-200         $1193.99
ford               $-600         $593.99
gas                $-50          $543.99
savings            $-304.54      $239.45
travel             $-200         $39.45

Total left: $39.45

============================================================

Date: 3-11-16 | Pay: $1522.72 | ACTUAL

Name                           Amount        Balance
-----------------------------------------------------
at&t                           $-128.73      $1393.99
business                       $-7.57        $1386.42
chase business overdraft       $-350         $1036.42
credit cards                   $-125         $911.42
drinks                         $-16          $895.42
food                           $-142.02      $753.4
grooming                       $-215         $538.4
gym membership                 $-27.05       $511.35
old debt                       $-75          $436.35
savings                        $-304.54      $131.81
snacks                         $-91.37       $40.44
starting balance               $1.79         $42.23
travel                         $-371.32      $-329.09
xfer from savings              $565          $235.91

Total left: $235.91

============================================================

Date: 3-18-16 | Pay: $1236.56 | ESTIMATED

Name            Amount        Balance
--------------------------------------
ford            $-600         $636.56
gas             $-75          $561.56
probation       $-120         $441.56
savings         $-247.31      $194.25
spending        $-100         $94.25

Total left: $94.25

============================================================

Date: 3-18-16 | Pay: $1236.56 | ACTUAL

Name                    Amount        Balance
----------------------------------------------
business                $-9.95        $1226.61
carwash                 $-10          $1216.61
costco                  $-146.02      $1070.59
credit cards            $-67          $1003.59
entertainment           $-9.74        $993.85
fedloan                 $-179.04      $814.81
food                    $-163.16      $651.65
ford                    $-600         $51.65
gas                     $-70.32       $-18.67
groceries               $-216.28      $-234.95
savings                 $-247.31      $-482.26
snacks                  $-21.85       $-504.11
starting balance        $244.22       $-259.89
xfer from savings       $229.04       $-30.85

Total left: $-30.85

============================================================

Date: 3-25-16 | Pay: $1522.72 | ESTIMATED

Name                     Amount        Balance
-----------------------------------------------
credit cards             $-500         $1022.72
gas                      $-75          $947.72
probation                $-120         $827.72
rich dad education       $-500         $327.72
savings                  $-304.54      $23.18

Total left: $23.18

============================================================

Date: 3-25-16 | Pay: $1522.72 | ACTUAL

Name                     Amount        Balance
-----------------------------------------------
business                 $-26.82       $1495.9
carwash                  $-13          $1482.9
drinks                   $-7           $1475.9
dry cleaners             $-73.11       $1402.79
entertainment            $-47.63       $1355.16
food                     $-93.25       $1261.91
gas                      $-79.06       $1182.85
goodwill                 $-45.35       $1137.5
groceries                $-49.17       $1088.33
rich dad education       $-500         $588.33
savings                  $-304.54      $283.79
sirius xm                $-22.77       $261.02
snacks                   $-15.02       $246.0
starting balance         $69.46        $315.46

Total left: $315.46

============================================================

Date: 4-1-16 | Pay: $1522.72 | ESTIMATED

Name                    Amount        Balance
----------------------------------------------
atm cash                $-63.95       $1458.77
chicago flight          $-287.78      $1170.99
costco                  $-24.46       $1146.53
food                    $-168.85      $977.68
gas                     $-45.11       $932.57
groceries               $-78.23       $854.34
household               $-64.37       $789.97
itunes                  $-1.07        $788.9
rent                    $-1166        $-377.1
savings                 $-304.54      $-681.64
snacks                  $-44.55       $-726.19
starting balance        $254.65       $-471.54
xfer from savings       $599.5        $127.96

Total left: $127.96

============================================================

REPORTS:

Item name                    Total +/-          Average +/-         % of avg pay
---------------------------------------------------------------------------------
rent                         $-1166.36          $-1166.36          -77.9
chicago flight               $-567.2            $-567.2            -38.0
ford                         $-1662.08          $-554.03           -37.8
rich dad education           $-1000.0           $-500.0            -34.2
travel                       $-371.32           $-371.32           -24.7
chase overdraft              $-322.18           $-322.18           -22.1
chase business overdraft     $-582.15           $-291.07           -19.4
savings                      $-1765.43          $-220.68           -15.0
grooming                     $-215.0            $-215.0            -14.3
costco                       $-596.76           $-198.92           -13.6
credit cards                 $-579.31           $-193.1            -12.9
fedloan                      $-268.56           $-134.28           -9.2
at&t                         $-253.41           $-126.7            -8.4
food                         $-913.22           $-114.15           -7.8
chicago airbnb               $-103.0            $-103.0            -6.9
cash                         $-100.0            $-100.0            -6.8
sams                         $-200.25           $-100.13           -6.7
premier bank card            $-97.0             $-97.0             -6.6
chase ink                    $-76.0             $-76.0             -5.2
asset acceptance             $-75.0             $-75.0             -5.1
dry cleaners                 $-73.11            $-73.11            -5.0
old debt                     $-75.0             $-75.0             -5.0
cps energy                   $-64.47            $-64.47            -4.4
gas                          $-415.05           $-59.29            -4.0
groceries                    $-331.16           $-55.19            -3.8
liquor                       $-57.34            $-57.34            -3.8
goodwill                     $-45.35            $-45.35            -3.1
snacks                       $-302.16           $-37.77            -2.6
creditrepair                 $-32.31            $-32.31            -2.2
gym membership               $-54.1             $-27.05            -1.8
household                    $-49.39            $-24.7             -1.7
business                     $-145.71           $-24.29            -1.7
entertainment                $-66.87            $-22.29            -1.5
sirius xm                    $-45.54            $-22.77            -1.5
tools                        $-17.28            $-17.28            -1.2
car supplies                 $-14.05            $-14.05            -1.0
post office                  $-13.78            $-13.78            -0.9
drinks                       $-23.0             $-11.5             -0.8
carwash                      $-36.0             $-12.0             -0.8
landmark                     $-3.33             $-3.33             -0.2
itunes                       $-1.07             $-1.07             -0.1
starting balance             $607.57            $101.26            6.9
xfer from savings            $1270.49           $254.1             16.9
pay                          $11769.5           $1471.19           100.0

Total Income: $13647.56 | Total Expenses: $-12780.3 | Balance: $867.26
