Date: 3-25-16 | Pay: $1522.72 | ESTIMATED

Name                     Amount        Balance
-----------------------------------------------
credit cards             $-500         $1022.72
gas                      $-75          $947.72
probation                $-120         $827.72
rich dad education       $-500         $327.72
savings                  $-304.54      $23.18

Total left: $23.18

============================================================

Date: 3-25-16 | Pay: $1522.72 | ACTUAL

Name                     Amount        Balance
-----------------------------------------------
business                 $-26.82       $1495.9
carwash                  $-13          $1482.9
drinks                   $-7           $1475.9
entertainment            $-47.63       $1428.27
food                     $-108.41      $1319.86
gas                      $-79.06       $1240.8
goodwill                 $-45.35       $1195.45
groceries                $-49.17       $1146.28
rich dad education       $-500         $646.28
savings                  $-304.54      $341.74
sirius xm                $-22.77       $318.97
snacks                   $-15.02       $303.95
starting balance         $69.46        $373.41

Total left: $373.41

============================================================

