Date: 4-15-16 | Pay: $1522.71 | ESTIMATED

Name                   Amount        Balance
---------------------------------------------
ford                   $-600         $922.71
savings                $-304.54      $618.17
starting balance       $426.47       $1044.64

Total left: $1044.64

============================================================

Date: 4-15-16 | Pay: $1522.72 | ACTUAL

Name                    Amount        Balance
----------------------------------------------
business                $-20.57       $1502.15
clothing                $-477.24      $1024.91
dry cleaning            $-82.03       $942.88
food                    $-86.35       $856.53
ford                    $-600         $256.53
gas                     $-42.67       $213.86
groceries               $-214.25      $-0.39
probation               $-187         $-187.39
savings                 $-304.54      $-491.93
snacks                  $-49.73       $-541.66
starting balance        $426.47       $-115.19
xfer from savings       $525          $409.81

Total left: $409.81

============================================================

