Date: 4-1-16 | Pay: $1522.72 | ESTIMATED

Name                   Amount        Balance
---------------------------------------------
rent                   $-1166        $356.72
savings                $-304.54      $52.18
starting balance       $254.65       $306.83

Total left: $306.83

============================================================

Date: 4-1-16 | Pay: $1522.71 | ACTUAL

Name                    Amount        Balance
----------------------------------------------
atm cash                $-63.95       $1458.76
chicago flight          $-287.78      $1170.98
costco                  $-24.46       $1146.52
food                    $-168.85      $977.67
gas                     $-45.11       $932.56
groceries               $-78.23       $854.33
household               $-64.37       $789.96
itunes                  $-1.07        $788.89
rent                    $-1161.99     $-373.1
savings                 $-304.54      $-677.64
snacks                  $-44.55       $-722.19
starting balance        $254.65       $-467.54
xfer from savings       $599.5        $131.96

Total left: $131.96

============================================================

