Date: 4-29-16 | Pay: $1522.72 | ESTIMATED

Name                   Amount        Balance
---------------------------------------------
savings                $-304.54      $1218.18
starting balance       $489.6        $1707.78

Total left: $1707.78

============================================================

Date: 4-29-16 | Pay: $1522.72 | ACTUAL

Name                   Amount        Balance
---------------------------------------------
atm cash               $-41.5        $1481.22
business               $-26.82       $1454.4
clothing               $-102.04      $1352.36
cps energy             $-213.62      $1138.74
credit cards           $-260.31      $878.43
drinks                 $-5.58        $872.85
food                   $-168.53      $704.32
gas                    $-25.44       $678.88
groceries              $-97.88       $581.0
landmark               $-0.96        $580.04
savings                $-304.54      $275.5
snacks                 $-22.06       $253.44
starting balance       $489.6        $743.04
travel                 $61.26        $804.3
voxer                  $-32.46       $771.84

Total left: $771.84

============================================================

