Date: 4-8-16 | Pay: $1522.71 | ESTIMATED

Name                   Amount        Balance
---------------------------------------------
savings                $-304.54      $1218.17
starting balance       $0            $1218.17

Total left: $1218.17

============================================================

Date: 4-8-16 | Pay: $1522.71 | ACTUAL

Name                           Amount        Balance
-----------------------------------------------------
business                       $-7.57        $1515.14
chicago airbnb                 $-501         $1014.14
food                           $-68.42       $945.72
gas                            $-45.6        $900.12
groceries                      $-75.23       $824.89
gym membership                 $-27.05       $797.84
itunes                         $-2.15        $795.69
savings                        $-304.54      $491.15
savings interest payment       $0.01         $491.16
snacks                         $-9.08        $482.08
starting balance               $17.61        $499.69

Total left: $499.69

============================================================

