Date: 3-25-16 | Pay: $1522.72 | ESTIMATED

Name                     Amount        Balance
-----------------------------------------------
credit cards             $-500         $1022.72
gas                      $-75          $947.72
probation                $-120         $827.72
rich dad education       $-500         $327.72
savings                  $-304.54      $23.18

Total left: $23.18

============================================================

Date: 3-25-16 | Pay: $1522.72 | ACTUAL

Name                     Amount        Balance
-----------------------------------------------
business                 $-26.82       $1495.9
car wash                 $-13          $1482.9
entertainment            $-47.63       $1435.27
food                     $-81.07       $1354.2
gas                      $-54.11       $1300.09
goodwill                 $-45.35       $1254.74
groceries                $-49.17       $1205.57
rich dad education       $-500         $705.57
savings                  $-304.54      $401.03
sirius xm                $-22.77       $378.26
snacks                   $-11.08       $367.18
starting balance         $69.46        $436.64

Total left: $436.64

============================================================

