Date: 4-15-16 | Pay: $1522.71 | ESTIMATED

Name                   Amount        Balance
---------------------------------------------
ford                   $-600         $922.71
savings                $-304.54      $618.17
starting balance       $426.47       $1044.64

Total left: $1044.64

============================================================

Date: 4-15-16 | Pay: $1522.72 | ACTUAL

Name                    Amount        Balance
----------------------------------------------
asset acceptance        $-75          $1447.72
business                $-20.57       $1427.15
clothing                $-477.24      $949.91
credit cards            $-349         $600.91
dry cleaning            $-82.03       $518.88
food                    $-86.35       $432.53
ford                    $-600         $-167.47
gas                     $-42.67       $-210.14
groceries               $-214.25      $-424.39
nsf fee                 $-34          $-458.39
probation               $-187         $-645.39
savings                 $-304.54      $-949.93
snacks                  $-49.73       $-999.66
starting balance        $426.47       $-573.19
xfer from savings       $525          $-48.19

Total left: $-48.19

============================================================

