Date: 2-5-16 | Pay: $1460.01 | ESTIMATED

Name                   Amount        Balance
---------------------------------------------
chase ink              $-76.0        $1384.01
chase overdraft        $-322.18      $1061.83
credit cards           $-97.0        $964.83
ford                   $-462.08      $502.75
gas                    $-75.0        $427.75
savings                $-146.0       $281.75

Total left: $281.75

============================================================

Date: 2-5-16 | Pay: $1460.01 | ACTUAL

Name                    Amount        Balance
----------------------------------------------
car supplies            $-14.05       $1445.96
chase ink               $-76.0        $1369.96
chase overdraft         $-322.18      $1047.78
costco                  $-266.67      $781.11
food                    $-94.82       $686.29
ford                    $-462.08      $224.21
gas                     $-82.81       $141.4
groceries               $-3.95        $137.45
gym membership          $-27.05       $110.4
itunes                  $-1.07        $109.33
post office             $-13.78       $95.55
premier bank card       $-97.0        $-1.45
savings                 $-146.0       $-147.45
snacks                  $-17.04       $-164.49
xfer from savings       $147.11       $-17.38

Total left: $-17.38

============================================================

Date: 2-12-16 | Pay: $1460.01 | ESTIMATED

Name                           Amount        Balance
-----------------------------------------------------
asset acceptance               $-75          $1385.01
at&t                           $-124.68      $1260.33
chase business overdraft       $-232.15      $1028.18
cps energy                     $-64.47       $963.71
fedloan                        $-89.52       $874.19
gas                            $-75          $799.19
rich dad education             $-500.0       $299.19
savings                        $-146.0       $153.19

Total left: $153.19

============================================================

Date: 2-12-16 | Pay: $1460.01 | ACTUAL

Name                           Amount        Balance
-----------------------------------------------------
asset acceptance               $-75          $1385.01
at&t                           $-124.68      $1260.33
business                       $-7.57        $1252.76
chase business overdraft       $-232.15      $1020.61
cps energy                     $-64.47       $956.14
fedloan                        $-89.52       $866.62
food                           $-152.82      $713.8
gas                            $-45.38       $668.42
groceries                      $-15.12       $653.3
household                      $-4           $649.3
rich dad education             $-500         $149.3
savings                        $-146.0       $3.3
snacks                         $-36.1        $-32.8
tools                          $-17.28       $-50.08
xfer from savings              $29.34        $-20.74

Total left: $-20.74

============================================================

Date: 2-19-16 | Pay: $1522.04 | ESTIMATED

Name                   Amount        Balance
---------------------------------------------
chase ink              $-116.0       $1406.04
credit cards           $-400         $1006.04
creditrepair.com       $-33          $973.04
ford                   $-600         $373.04
savings                $-152.2       $220.84

Total left: $220.84

============================================================

Date: 2-19-16 | Pay: $1522.04 | ACTUAL

Name               Amount        Balance
-----------------------------------------
business           $-60          $1462.04
cash               $-100         $1362.04
credit cards       $-387.31      $974.73
food               $-14.34       $960.39
ford               $-600         $360.39
gas                $-19.36       $341.03
savings            $-152.2       $188.83
snacks             $-35.04       $153.79

Total left: $153.79

============================================================

Date: 2-26-16 | Pay: $1522.72 | ESTIMATED

Name          Amount        Balance
------------------------------------
rent          $-1133        $389.72
savings       $-228.41      $161.31

Total left: $161.31

============================================================

Date: 2-26-16 | Pay: $1522.72 | ACTUAL

Name                 Amount        Balance
-------------------------------------------
business             $-33.8        $1488.92
chicago airbnb       $-103         $1385.92
chicago flight       $-567.2       $818.72
creditrepair         $-32.31       $786.41
food                 $-100.32      $686.09
gas                  $-43.89       $642.2
groceries            $-14.14       $628.06
household            $-45.39       $582.67
liquor               $-57.34       $525.33
sams                 $-147.4       $377.93
savings              $-228.41      $149.52
sirius xm            $-22.77       $126.75
snacks               $-31.71       $95.04

Total left: $95.04

============================================================

Date: 3-4-16 | Pay: $1522.72 | ESTIMATED

Name            Amount        Balance
--------------------------------------
savings         $-304.54      $1218.18
toll bill       $-121.25      $1096.93

Total left: $1096.93

============================================================

Date: 3-4-16 | Pay: $1522.72 | ACTUAL

Name                    Amount        Balance
----------------------------------------------
carwash                 $-13          $1509.72
costco                  $-184.07      $1325.65
entertainment           $-9.5         $1316.15
food                    $-152.49      $1163.66
gas                     $-74.23       $1089.43
groceries               $-32.5        $1056.93
landmark                $-3.33        $1053.6
rent                    $-1166.36     $-112.76
sams                    $-52.85       $-165.61
savings                 $-304.54      $-470.15
snacks                  $-54.03       $-524.18
xfer from savings       $300          $-224.18

Total left: $-224.18

============================================================

Date: 3-11-16 | Pay: $1522.72 | ESTIMATED

Name               Amount        Balance
-----------------------------------------
at&t               $-128.73      $1393.99
credit cards       $-200         $1193.99
ford               $-600         $593.99
gas                $-50          $543.99
savings            $-304.54      $239.45
travel             $-200         $39.45

Total left: $39.45

============================================================

Date: 3-11-16 | Pay: $1522.72 | ACTUAL

Name                           Amount        Balance
-----------------------------------------------------
at&t                           $-128.73      $1393.99
business                       $-7.57        $1386.42
chase business overdraft       $-350         $1036.42
credit cards                   $-125         $911.42
drinks                         $-16          $895.42
food                           $-142.02      $753.4
grooming                       $-215         $538.4
gym membership                 $-27.05       $511.35
old debt                       $-75          $436.35
savings                        $-304.54      $131.81
snacks                         $-91.37       $40.44
travel                         $-371.32      $-330.88
xfer from savings              $565          $234.12

Total left: $234.12

============================================================

Date: 3-18-16 | Pay: $1236.56 | ESTIMATED

Name            Amount        Balance
--------------------------------------
ford            $-600         $636.56
gas             $-75          $561.56
probation       $-120         $441.56
savings         $-247.31      $194.25
spending        $-100         $94.25

Total left: $94.25

============================================================

Date: 3-18-16 | Pay: $1236.56 | ACTUAL

Name                    Amount        Balance
----------------------------------------------
business                $-9.95        $1226.61
carwash                 $-10          $1216.61
costco                  $-146.02      $1070.59
credit cards            $-67          $1003.59
entertainment           $-9.74        $993.85
fedloan                 $-179.04      $814.81
food                    $-163.16      $651.65
ford                    $-600         $51.65
gas                     $-70.32       $-18.67
groceries               $-216.28      $-234.95
savings                 $-247.31      $-482.26
snacks                  $-21.85       $-504.11
xfer from savings       $229.04       $-275.07

Total left: $-275.07

============================================================

Date: 3-25-16 | Pay: $1522.72 | ESTIMATED

Name                     Amount        Balance
-----------------------------------------------
credit cards             $-500         $1022.72
gas                      $-75          $947.72
probation                $-120         $827.72
rich dad education       $-500         $327.72
savings                  $-304.54      $23.18

Total left: $23.18

============================================================

Date: 3-25-16 | Pay: $1522.72 | ACTUAL

Name                     Amount        Balance
-----------------------------------------------
business                 $-26.82       $1495.9
carwash                  $-13          $1482.9
drinks                   $-7           $1475.9
dry cleaning             $-73.11       $1402.79
entertainment            $-47.63       $1355.16
food                     $-164.68      $1190.48
gas                      $-79.06       $1111.42
goodwill                 $-45.35       $1066.07
groceries                $-49.17       $1016.9
rich dad education       $-500         $516.9
savings                  $-304.54      $212.36
sirius xm                $-22.77       $189.59
snacks                   $-32.48       $157.11

Total left: $157.11

============================================================

Date: 4-1-16 | Pay: $1522.72 | ESTIMATED

Name                   Amount        Balance
---------------------------------------------
rent                   $-1166        $356.72
savings                $-304.54      $52.18

Total left: $52.18

============================================================

Date: 4-1-16 | Pay: $1522.71 | ACTUAL

Name                               Amount        Balance
---------------------------------------------------------
atm cash                           $-63.95       $1458.76
chicago flight                     $-287.78      $1170.98
costco                             $-24.46       $1146.52
food                               $-168.85      $977.67
gas                                $-45.11       $932.56
groceries                          $-78.23       $854.33
household                          $-64.37       $789.96
itunes                             $-1.07        $788.89
rent                               $-1161.99     $-373.1
savings                            $-304.54      $-677.64
savings withdrawal limit fee       $-20          $-697.64
snacks                             $-44.55       $-742.19
xfer from savings                  $651.85       $-90.34

Total left: $-90.34

============================================================

Date: 4-8-16 | Pay: $1522.71 | ESTIMATED

Name                   Amount        Balance
---------------------------------------------
savings                $-304.54      $1218.17

Total left: $1218.17

============================================================

Date: 4-8-16 | Pay: $1522.71 | ACTUAL

Name                           Amount        Balance
-----------------------------------------------------
business                       $-7.57        $1515.14
chicago airbnb                 $-501         $1014.14
food                           $-68.42       $945.72
gas                            $-45.6        $900.12
groceries                      $-75.23       $824.89
gym membership                 $-27.05       $797.84
itunes                         $-2.15        $795.69
savings                        $-304.54      $491.15
savings interest payment       $0.01         $491.16
snacks                         $-9.08        $482.08

Total left: $482.08

============================================================

Date: 4-15-16 | Pay: $1522.71 | ESTIMATED

Name                   Amount        Balance
---------------------------------------------
ford                   $-600         $922.71
savings                $-304.54      $618.17

Total left: $618.17

============================================================

Date: 4-15-16 | Pay: $1522.72 | ACTUAL

Name                    Amount        Balance
----------------------------------------------
asset acceptance        $-75          $1447.72
business                $-20.57       $1427.15
clothing                $-477.24      $949.91
credit cards            $-349         $600.91
dry cleaning            $-82.03       $518.88
food                    $-86.35       $432.53
ford                    $-600         $-167.47
gas                     $-42.67       $-210.14
groceries               $-214.25      $-424.39
nsf fee                 $-34          $-458.39
probation               $-187         $-645.39
savings                 $-304.54      $-949.93
snacks                  $-49.73       $-999.66
xfer from savings       $525          $-474.66

Total left: $-474.66

============================================================

Date: 4-22-16 | Pay: $1522.72 | ESTIMATED

Name                   Amount        Balance
---------------------------------------------
savings                $-304.54      $1218.18

Total left: $1218.18

============================================================

Date: 4-22-16 | Pay: $1522.72 | ACTUAL

Name                   Amount        Balance
---------------------------------------------
savings                $-304.54      $1218.18

Total left: $1218.18

============================================================

Date: 4-29-16 | Pay: $1522.72 | ESTIMATED

Name          Amount        Balance
------------------------------------
savings       $-304.54      $1218.18

Total left: $1218.18

============================================================

Date: 4-29-16 | Pay: $1522.72 | ACTUAL

Name          Amount        Balance
------------------------------------
savings       $-304.54      $1218.18

Total left: $1218.18

============================================================

REPORTS:

Item name                        Total +/-          Average +/-         % of avg pay
-------------------------------------------------------------------------------------
rent                             $-2328.35          $-1164.17          -78.8
ford                             $-2262.08          $-565.52           -38.1
rich dad education               $-1000.0           $-500.0            -34.2
clothing                         $-477.24           $-477.24           -32.1
chicago flight                   $-854.98           $-427.49           -29.1
travel                           $-371.32           $-371.32           -24.7
chase overdraft                  $-322.18           $-322.18           -22.1
chicago airbnb                   $-604.0            $-302.0            -20.4
chase business overdraft         $-582.15           $-291.07           -19.4
credit cards                     $-928.31           $-232.08           -15.6
savings                          $-2907.48          $-223.65           -15.0
grooming                         $-215.0            $-215.0            -14.3
probation                        $-187.0            $-187.0            -12.6
costco                           $-621.22           $-155.31           -10.5
fedloan                          $-268.56           $-134.28           -9.2
at&t                             $-253.41           $-126.7            -8.4
food                             $-1308.27          $-118.93           -8.0
cash                             $-100.0            $-100.0            -6.8
sams                             $-200.25           $-100.13           -6.7
premier bank card                $-97.0             $-97.0             -6.6
groceries                        $-698.87           $-77.65            -5.2
dry cleaning                     $-155.14           $-77.57            -5.2
chase ink                        $-76.0             $-76.0             -5.2
asset acceptance                 $-150.0            $-75.0             -5.1
old debt                         $-75.0             $-75.0             -5.0
cps energy                       $-64.47            $-64.47            -4.4
atm cash                         $-63.95            $-63.95            -4.3
liquor                           $-57.34            $-57.34            -3.8
gas                              $-548.43           $-54.84            -3.7
goodwill                         $-45.35            $-45.35            -3.1
snacks                           $-422.98           $-38.45            -2.6
household                        $-113.76           $-37.92            -2.6
nsf fee                          $-34.0             $-34.0             -2.3
creditrepair                     $-32.31            $-32.31            -2.2
gym membership                   $-81.15            $-27.05            -1.8
entertainment                    $-66.87            $-22.29            -1.5
sirius xm                        $-45.54            $-22.77            -1.5
business                         $-173.85           $-21.73            -1.5
savings withdrawal limit fee     $-20.0             $-20.0             -1.4
tools                            $-17.28            $-17.28            -1.2
car supplies                     $-14.05            $-14.05            -1.0
post office                      $-13.78            $-13.78            -0.9
drinks                           $-23.0             $-11.5             -0.8
carwash                          $-36.0             $-12.0             -0.8
landmark                         $-3.33             $-3.33             -0.2
itunes                           $-4.29             $-1.43             -0.1
savings interest payment         $0.01              $0.01              0.0
starting balance                 $1215.49           $121.55            8.2
xfer from savings                $2447.34           $349.62            23.6
pay                              $19383.08          $1491.01           100.0

Total Income: $23045.91 | Total Expenses: $-18925.53 | Balance: $4120.38
