Date: 3-18-16 | Pay: $1236.56 | ESTIMATED

Name            Amount        Balance
--------------------------------------
ford            $-600         $636.56
gas             $-75          $561.56
probation       $-120         $441.56
savings         $-247.31      $194.25
spending        $-100         $94.25

Total left: $94.25

============================================================

Date: 3-18-16 | Pay: $1236.56 | ACTUAL

Name                    Amount        Balance
----------------------------------------------
business                $-9.95        $1226.61
carwash                 $-10          $1216.61
costco                  $-146.02      $1070.59
credit cards            $-67          $1003.59
entertainment           $-9.74        $993.85
fedloan                 $-179.04      $814.81
food                    $-171.72      $643.09
ford                    $-600         $43.09
gas                     $-70.32       $-27.23
groceries               $-216.28      $-243.51
savings                 $-247.31      $-490.82
snacks                  $-21.85       $-512.67
starting balance        $244.22       $-268.45
xfer from savings       $229.04       $-39.41

Total left: $-39.41

============================================================

